[16-Jan-2024 03:51:46 Europe/Berlin] error : Cannot add or update a child row: a foreign key constraint fails (`complete`.`favorite`, CONSTRAINT `favorite_ibfk_2` FOREIGN KEY (`product_id`) REFERENCES `products` (`product_id`))
[16-Jan-2024 03:58:31 Europe/Berlin] error : Cannot add or update a child row: a foreign key constraint fails (`complete`.`favorite`, CONSTRAINT `favorite_ibfk_2` FOREIGN KEY (`product_id`) REFERENCES `products` (`product_id`))
[16-Jan-2024 03:58:31 Europe/Berlin] error : Cannot add or update a child row: a foreign key constraint fails (`complete`.`favorite`, CONSTRAINT `favorite_ibfk_2` FOREIGN KEY (`product_id`) REFERENCES `products` (`product_id`))
[16-Jan-2024 03:58:31 Europe/Berlin] error : Cannot add or update a child row: a foreign key constraint fails (`complete`.`favorite`, CONSTRAINT `favorite_ibfk_2` FOREIGN KEY (`product_id`) REFERENCES `products` (`product_id`))
[16-Jan-2024 03:58:36 Europe/Berlin] error : Cannot add or update a child row: a foreign key constraint fails (`complete`.`favorite`, CONSTRAINT `favorite_ibfk_2` FOREIGN KEY (`product_id`) REFERENCES `products` (`product_id`))
[16-Jan-2024 04:00:21 Europe/Berlin] error : Cannot add or update a child row: a foreign key constraint fails (`complete`.`favorite`, CONSTRAINT `favorite_ibfk_2` FOREIGN KEY (`product_id`) REFERENCES `products` (`product_id`))
[16-Jan-2024 04:02:23 Europe/Berlin] error : Cannot add or update a child row: a foreign key constraint fails (`complete`.`favorite`, CONSTRAINT `favorite_ibfk_2` FOREIGN KEY (`product_id`) REFERENCES `products` (`product_id`))
[16-Jan-2024 04:02:29 Europe/Berlin] error : Cannot add or update a child row: a foreign key constraint fails (`complete`.`favorite`, CONSTRAINT `favorite_ibfk_2` FOREIGN KEY (`product_id`) REFERENCES `products` (`product_id`))
[16-Jan-2024 04:03:46 Europe/Berlin] error : Cannot add or update a child row: a foreign key constraint fails (`complete`.`favorite`, CONSTRAINT `favorite_ibfk_2` FOREIGN KEY (`product_id`) REFERENCES `products` (`product_id`))
[16-Jan-2024 04:03:49 Europe/Berlin] error : Cannot add or update a child row: a foreign key constraint fails (`complete`.`favorite`, CONSTRAINT `favorite_ibfk_2` FOREIGN KEY (`product_id`) REFERENCES `products` (`product_id`))
[16-Jan-2024 04:06:33 Europe/Berlin] error : Cannot add or update a child row: a foreign key constraint fails (`complete`.`favorite`, CONSTRAINT `favorite_ibfk_2` FOREIGN KEY (`product_id`) REFERENCES `products` (`product_id`))
[16-Jan-2024 04:06:33 Europe/Berlin] テスト : a
[16-Jan-2024 04:07:22 Europe/Berlin] false
[16-Jan-2024 04:07:22 Europe/Berlin] error : Cannot add or update a child row: a foreign key constraint fails (`complete`.`favorite`, CONSTRAINT `favorite_ibfk_2` FOREIGN KEY (`product_id`) REFERENCES `products` (`product_id`))
[16-Jan-2024 04:09:04 Europe/Berlin] PHP Fatal error:  Uncaught mysqli_sql_exception: Cannot add or update a child row: a foreign key constraint fails (`complete`.`favorite`, CONSTRAINT `favorite_ibfk_2` FOREIGN KEY (`product_id`) REFERENCES `products` (`product_id`)) in C:\xampp\htdocs\php\amo\changeFavorite.php:42
Stack trace:
#0 C:\xampp\htdocs\php\amo\changeFavorite.php(42): mysqli_stmt->execute()
#1 {main}
  thrown in C:\xampp\htdocs\php\amo\changeFavorite.php on line 42
[16-Jan-2024 04:09:20 Europe/Berlin] PHP Fatal error:  Uncaught mysqli_sql_exception: Cannot add or update a child row: a foreign key constraint fails (`complete`.`favorite`, CONSTRAINT `favorite_ibfk_2` FOREIGN KEY (`product_id`) REFERENCES `products` (`product_id`)) in C:\xampp\htdocs\php\amo\changeFavorite.php:42
Stack trace:
#0 C:\xampp\htdocs\php\amo\changeFavorite.php(42): mysqli_stmt->execute()
#1 {main}
  thrown in C:\xampp\htdocs\php\amo\changeFavorite.php on line 42
[16-Jan-2024 04:13:31 Europe/Berlin] PHP Fatal error:  Uncaught mysqli_sql_exception: Duplicate entry 'test_user-7-18' for key 'PRIMARY' in C:\xampp\htdocs\php\amo\changeFavorite.php:42
Stack trace:
#0 C:\xampp\htdocs\php\amo\changeFavorite.php(42): mysqli_stmt->execute()
#1 {main}
  thrown in C:\xampp\htdocs\php\amo\changeFavorite.php on line 42
[16-Jan-2024 04:13:31 Europe/Berlin] PHP Fatal error:  Uncaught mysqli_sql_exception: Duplicate entry 'test_user-7-18' for key 'PRIMARY' in C:\xampp\htdocs\php\amo\changeFavorite.php:42
Stack trace:
#0 C:\xampp\htdocs\php\amo\changeFavorite.php(42): mysqli_stmt->execute()
#1 {main}
  thrown in C:\xampp\htdocs\php\amo\changeFavorite.php on line 42
[16-Jan-2024 04:14:28 Europe/Berlin] PHP Fatal error:  Uncaught mysqli_sql_exception: Duplicate entry 'test_user-7-18' for key 'PRIMARY' in C:\xampp\htdocs\php\amo\changeFavorite.php:42
Stack trace:
#0 C:\xampp\htdocs\php\amo\changeFavorite.php(42): mysqli_stmt->execute()
#1 {main}
  thrown in C:\xampp\htdocs\php\amo\changeFavorite.php on line 42
[16-Jan-2024 04:14:36 Europe/Berlin] PHP Fatal error:  Uncaught mysqli_sql_exception: Duplicate entry 'test_user-7-18' for key 'PRIMARY' in C:\xampp\htdocs\php\amo\changeFavorite.php:42
Stack trace:
#0 C:\xampp\htdocs\php\amo\changeFavorite.php(42): mysqli_stmt->execute()
#1 {main}
  thrown in C:\xampp\htdocs\php\amo\changeFavorite.php on line 42
[16-Jan-2024 04:17:21 Europe/Berlin] PHP Fatal error:  Uncaught mysqli_sql_exception: Duplicate entry 'test_user-7-18' for key 'PRIMARY' in C:\xampp\htdocs\php\amo\changeFavorite.php:42
Stack trace:
#0 C:\xampp\htdocs\php\amo\changeFavorite.php(42): mysqli_stmt->execute()
#1 {main}
  thrown in C:\xampp\htdocs\php\amo\changeFavorite.php on line 42
[16-Jan-2024 04:18:58 Europe/Berlin] PHP Fatal error:  Uncaught mysqli_sql_exception: Duplicate entry 'test_user-7-19' for key 'PRIMARY' in C:\xampp\htdocs\php\amo\changeFavorite.php:42
Stack trace:
#0 C:\xampp\htdocs\php\amo\changeFavorite.php(42): mysqli_stmt->execute()
#1 {main}
  thrown in C:\xampp\htdocs\php\amo\changeFavorite.php on line 42
[16-Jan-2024 04:20:04 Europe/Berlin] PHP Fatal error:  Uncaught mysqli_sql_exception: Duplicate entry 'test_user-7-19' for key 'PRIMARY' in C:\xampp\htdocs\php\amo\changeFavorite.php:42
Stack trace:
#0 C:\xampp\htdocs\php\amo\changeFavorite.php(42): mysqli_stmt->execute()
#1 {main}
  thrown in C:\xampp\htdocs\php\amo\changeFavorite.php on line 42
[16-Jan-2024 04:20:48 Europe/Berlin] PHP Fatal error:  Uncaught mysqli_sql_exception: Duplicate entry 'test_user-7-18' for key 'PRIMARY' in C:\xampp\htdocs\php\amo\changeFavorite.php:42
Stack trace:
#0 C:\xampp\htdocs\php\amo\changeFavorite.php(42): mysqli_stmt->execute()
#1 {main}
  thrown in C:\xampp\htdocs\php\amo\changeFavorite.php on line 42
[16-Jan-2024 04:20:53 Europe/Berlin] PHP Fatal error:  Uncaught mysqli_sql_exception: Duplicate entry 'test_user-7-18' for key 'PRIMARY' in C:\xampp\htdocs\php\amo\changeFavorite.php:42
Stack trace:
#0 C:\xampp\htdocs\php\amo\changeFavorite.php(42): mysqli_stmt->execute()
#1 {main}
  thrown in C:\xampp\htdocs\php\amo\changeFavorite.php on line 42
[16-Jan-2024 04:24:02 Europe/Berlin] PHP Fatal error:  Uncaught mysqli_sql_exception: Duplicate entry 'test_user-7-20' for key 'PRIMARY' in C:\xampp\htdocs\php\amo\changeFavorite.php:42
Stack trace:
#0 C:\xampp\htdocs\php\amo\changeFavorite.php(42): mysqli_stmt->execute()
#1 {main}
  thrown in C:\xampp\htdocs\php\amo\changeFavorite.php on line 42
[16-Jan-2024 04:24:31 Europe/Berlin] PHP Fatal error:  Uncaught mysqli_sql_exception: Duplicate entry 'test_user-7-20' for key 'PRIMARY' in C:\xampp\htdocs\php\amo\changeFavorite.php:42
Stack trace:
#0 C:\xampp\htdocs\php\amo\changeFavorite.php(42): mysqli_stmt->execute()
#1 {main}
  thrown in C:\xampp\htdocs\php\amo\changeFavorite.php on line 42
[16-Jan-2024 04:25:04 Europe/Berlin] PHP Fatal error:  Uncaught mysqli_sql_exception: Duplicate entry 'test_user-7-20' for key 'PRIMARY' in C:\xampp\htdocs\php\amo\changeFavorite.php:42
Stack trace:
#0 C:\xampp\htdocs\php\amo\changeFavorite.php(42): mysqli_stmt->execute()
#1 {main}
  thrown in C:\xampp\htdocs\php\amo\changeFavorite.php on line 42
[16-Jan-2024 04:25:35 Europe/Berlin] PHP Fatal error:  Uncaught mysqli_sql_exception: Duplicate entry 'test_user-7-20' for key 'PRIMARY' in C:\xampp\htdocs\php\amo\changeFavorite.php:42
Stack trace:
#0 C:\xampp\htdocs\php\amo\changeFavorite.php(42): mysqli_stmt->execute()
#1 {main}
  thrown in C:\xampp\htdocs\php\amo\changeFavorite.php on line 42
[16-Jan-2024 04:26:01 Europe/Berlin] PHP Fatal error:  Uncaught mysqli_sql_exception: Duplicate entry 'test_user-7-21' for key 'PRIMARY' in C:\xampp\htdocs\php\amo\changeFavorite.php:42
Stack trace:
#0 C:\xampp\htdocs\php\amo\changeFavorite.php(42): mysqli_stmt->execute()
#1 {main}
  thrown in C:\xampp\htdocs\php\amo\changeFavorite.php on line 42
[16-Jan-2024 04:26:42 Europe/Berlin] PHP Fatal error:  Uncaught mysqli_sql_exception: Duplicate entry 'test_user-7-21' for key 'PRIMARY' in C:\xampp\htdocs\php\amo\changeFavorite.php:42
Stack trace:
#0 C:\xampp\htdocs\php\amo\changeFavorite.php(42): mysqli_stmt->execute()
#1 {main}
  thrown in C:\xampp\htdocs\php\amo\changeFavorite.php on line 42
